<?xml version="1.0" encoding="UTF-8"?>
<testng-results ignored="0" total="1" passed="1" failed="0" skipped="0">
  <reporter-output>
  </reporter-output>
  <suite started-at="2021-12-25T16:29:07 IST" name="Default suite" finished-at="2021-12-25T16:29:07 IST" duration-ms="90">
    <groups>
    </groups>
    <test started-at="2021-12-25T16:29:07 IST" name="Default test" finished-at="2021-12-25T16:29:07 IST" duration-ms="90">
      <class name="test.GoogleSearch">
        <test-method signature="testmethod()[pri:0, instance:test.GoogleSearch@27ae2fd0]" started-at="2021-12-25T16:29:07 IST" name="testmethod" finished-at="2021-12-25T16:29:07 IST" duration-ms="23" status="PASS">
          <reporter-output>
          </reporter-output>
        </test-method> <!-- testmethod -->
      </class> <!-- test.GoogleSearch -->
    </test> <!-- Default test -->
  </suite> <!-- Default suite -->
</testng-results>
